
Showing logs for build [32mcb-kubecd-bdd-gh-1585413597-pr-cbv5b-1[0m stage [32mfrom-build-pack[0m and container [32mstep-credential-initializer-rhlck[0m
{"level":"warn","ts":1585415660.416453,"logger":"fallback-logger","caller":"logging/config.go:69","msg":"Fetch GitHub commit ID from kodata failed: \"ref: refs/heads/0.8.0-**-support-backwards-incompats\" is not a valid GitHub commit ID"}
{"level":"info","ts":1585415660.4191744,"logger":"fallback-logger","caller":"creds-init/main.go:40","msg":"Credentials initialized."}

Showing logs for build [32mcb-kubecd-bdd-gh-1585413597-pr-cbv5b-1[0m stage [32mfrom-build-pack[0m and container [32mstep-working-dir-initializer-wph85[0m
{"level":"warn","ts":1585415661.7959485,"logger":"fallback-logger","caller":"logging/config.go:69","msg":"Fetch GitHub commit ID from kodata failed: open /var/run/ko/HEAD: no such file or directory"}
{"level":"info","ts":1585415661.7977371,"logger":"fallback-logger","caller":"bash/main.go:64","msg":"Successfully executed command \"sh -c mkdir -p /workspace/source\"; output "}

Showing logs for build [32mcb-kubecd-bdd-gh-1585413597-pr-cbv5b-1[0m stage [32mfrom-build-pack[0m and container [32mstep-place-tools[0m

Showing logs for build [32mcb-kubecd-bdd-gh-1585413597-pr-cbv5b-1[0m stage [32mfrom-build-pack[0m and container [32mstep-git-source-cb-kubecd-bdd-gh-1585413597-pr-cbv5b-gzwwz[0m
{"level":"warn","ts":1585415667.8910818,"logger":"fallback-logger","caller":"logging/config.go:69","msg":"Fetch GitHub commit ID from kodata failed: \"ref: refs/heads/0.8.0-**-support-backwards-incompats\" is not a valid GitHub commit ID"}
{"level":"info","ts":1585415669.0397034,"logger":"fallback-logger","caller":"git/git.go:103","msg":"Successfully cloned https://github.com/cb-kubecd/bdd-gh-1585413597.git @ master in path /workspace/source"}

Showing logs for build [32mcb-kubecd-bdd-gh-1585413597-pr-cbv5b-1[0m stage [32mfrom-build-pack[0m and container [32mstep-git-merge[0m
Using SHAs from PULL_REFS=master:05fbdeca8d2714f928c40915ead523a54e48455f,1:e0151f3c1f5f876a346e37053438c10234df7053
DEBUG: LC_ALL=C JX_LOG_LEVEL=error git fetch origin --unshallow e0151f3c1f5f876a346e37053438c10234df7053: 05fbdeca8d2714f928c40915ead523a54e48455f:
DEBUG: ran git fetch --unshallow origin e0151f3c1f5f876a346e37053438c10234df7053: 05fbdeca8d2714f928c40915ead523a54e48455f: in 
DEBUG: LC_ALL=C JX_LOG_LEVEL=error git branch
DEBUG: LC_ALL=C JX_LOG_LEVEL=error git checkout master
DEBUG: ran git checkout master in 
DEBUG: JX_LOG_LEVEL=error LC_ALL=C git reset --hard 05fbdeca8d2714f928c40915ead523a54e48455f
DEBUG: ran git reset --hard 05fbdeca8d2714f928c40915ead523a54e48455f in 
DEBUG: LC_ALL=C JX_LOG_LEVEL=error git clean -fd .
DEBUG: ran clean --force -d . in 
DEBUG: LC_ALL=C JX_LOG_LEVEL=error git merge e0151f3c1f5f876a346e37053438c10234df7053
DEBUG: ran git merge e0151f3c1f5f876a346e37053438c10234df7053 in 
DEBUG: LC_ALL=C JX_LOG_LEVEL=error git log --format=%H%x1f%an%x1f%ae%x1f%cn%x1f%ce%x1f%s%n%b%x1e 05fbdeca8d2714f928c40915ead523a54e48455f..HEAD
Merged SHA e0151f3c1f5f876a346e37053438c10234df7053 with commit message 'My first PR commit' into base branch master

Showing logs for build [32mcb-kubecd-bdd-gh-1585413597-pr-cbv5b-1[0m stage [32mfrom-build-pack[0m and container [32mstep-build-make-linux[0m
CGO_ENABLED=0 GOOS=linux GOARCH=amd64 GO15VENDOREXPERIMENT=1 go build -ldflags '' -o bin/bdd-gh-1585413597 main.go

Showing logs for build [32mcb-kubecd-bdd-gh-1585413597-pr-cbv5b-1[0m stage [32mfrom-build-pack[0m and container [32mstep-build-container-build[0m
[36mINFO[0m[0000] No base image, nothing to extract            
[36mINFO[0m[0000] cmd: EXPOSE                                  
[36mINFO[0m[0000] Adding exposed port: 8080/tcp                
[36mINFO[0m[0000] Using files from context: [/workspace/source/bin] 
[36mINFO[0m[0000] Skipping unpacking as no commands require it. 
[36mINFO[0m[0000] Taking snapshot of full filesystem...        
[36mINFO[0m[0000] EXPOSE 8080                                  
[36mINFO[0m[0000] cmd: EXPOSE                                  
[36mINFO[0m[0000] Adding exposed port: 8080/tcp                
[36mINFO[0m[0000] No files changed in this command, skipping snapshotting. 
[36mINFO[0m[0000] ENTRYPOINT ["/bdd-gh-1585413597"]            
[36mINFO[0m[0000] No files changed in this command, skipping snapshotting. 
[36mINFO[0m[0000] Using files from context: [/workspace/source/bin] 
[36mINFO[0m[0000] COPY ./bin/ /                                
[36mINFO[0m[0000] Taking snapshot of files...                  
2020/03/28 17:14:44 pushed blob: sha256:00d3a7e210fcdc2233060165505535aa338eea994bc3dc366a828385e8636f8b
2020/03/28 17:14:45 pushed blob: sha256:50f45f2f8bc0d80c0efb2c1ef7773e93feb2046be0023b85a2a8dbc474fbe412
2020/03/28 17:14:47 gcr.io/jenkins-x-bdd3/bdd-gh-1585413597:0.0.0-SNAPSHOT-PR-1-1: digest: sha256:b33ffe28c27e9e6c25a50037bdf34a3f4f6d53d1dc4fe511631fa41da3a7405f size: 428

Showing logs for build [32mcb-kubecd-bdd-gh-1585413597-pr-cbv5b-1[0m stage [32mfrom-build-pack[0m and container [32mstep-postbuild-post-build[0m
no CVE provider running in the current ** namespace so skip adding image to be analysed

Showing logs for build [32mcb-kubecd-bdd-gh-1585413597-pr-cbv5b-1[0m stage [32mfrom-build-pack[0m and container [32mstep-promote-make-preview[0m
sed -i -e "s/version:.*/version: 0.0.0-SNAPSHOT-PR-1-1/" Chart.yaml
sed -i -e "s/version:.*/version: 0.0.0-SNAPSHOT-PR-1-1/" ../*/Chart.yaml
sed -i -e "s|repository:.*|repository: gcr.io\/jenkins-x-bdd3\/bdd-gh-1585413597|" values.yaml
sed -i -e "s/tag:.*/tag: 0.0.0-SNAPSHOT-PR-1-1/" values.yaml
echo "  version: 0.0.0-SNAPSHOT-PR-1-1" >> requirements.yaml
** step helm build
WARNING: No $CHART_REPOSITORY defined so using the default value of: http://jenkins-x-chartmuseum:8080
Adding missing Helm repo: storage.googleapis.com https://storage.googleapis.com/chartmuseum.jenkins-x.io
WARNING: No secrets found on "helm/repos" due: reading the secret "helm/repos" from vault: no secret "helm/repos" not found in vault
Read credentials for https://storage.googleapis.com/chartmuseum.jenkins-x.io from vault helm/repos
Successfully added Helm repository storage.googleapis.com.
Adding missing Helm repo: jenkins-x-chartmuseum http://jenkins-x-chartmuseum:8080
WARNING: No secrets found on "helm/repos" due: reading the secret "helm/repos" from vault: no secret "helm/repos" not found in vault
Read credentials for http://jenkins-x-chartmuseum:8080 from vault helm/repos
Successfully added Helm repository jenkins-x-chartmuseum.
WARNING: No $CHART_REPOSITORY defined so using the default value of: http://jenkins-x-chartmuseum:8080
Adding missing Helm repo: chartmuseum.jenkins-x.io http://chartmuseum.jenkins-x.io
WARNING: No secrets found on "helm/repos" due: reading the secret "helm/repos" from vault: no secret "helm/repos" not found in vault
Read credentials for http://chartmuseum.jenkins-x.io from vault helm/repos
Successfully added Helm repository chartmuseum.jenkins-x.io.

Showing logs for build [32mcb-kubecd-bdd-gh-1585413597-pr-cbv5b-1[0m stage [32mfrom-build-pack[0m and container [32mstep-promote-jx-preview[0m
Creating a preview
Created environment cb-kubecd-bdd-gh-1585413597-pr-1
Namespace **-cb-kubecd-bdd-gh-1585413597-pr-1 created 
expose:
  Annotations:
    helm.sh/hook: post-install,post-upgrade
    helm.sh/hook-delete-policy: hook-succeeded
  config:
    domain: 35.205.62.25.nip.io
    exposer: Ingress
    http: "true"
preview:
  image:
    repository: gcr.io/jenkins-x-bdd3/bdd-gh-1585413597
    tag: 0.0.0-SNAPSHOT-PR-1-1

Updating PipelineActivities cb-kubecd-bdd-gh-1585413597-pr-1-1 which has status Running
WARNING: preview application http://bdd-gh-1585413597.**-cb-kubecd-bdd-gh-1585413597-pr-1.35.205.62.25.nip.io not available, error was 503 503 Service Temporarily Unavailable, delaying for: 1.315405171s
WARNING: preview application http://bdd-gh-1585413597.**-cb-kubecd-bdd-gh-1585413597-pr-1.35.205.62.25.nip.io not available, error was 503 503 Service Temporarily Unavailable, delaying for: 1.650248393s
Preview application is now available at: http://bdd-gh-1585413597.**-cb-kubecd-bdd-gh-1585413597-pr-1.35.205.62.25.nip.io
